<?xml version="1.0" encoding="UTF-8"?>
<!-- Generated by org.testng.reporters.JUnitReportReporter -->
<testsuite skipped="0" hostname="HDB-20180117GFW" name="com.apis.find.FindUserById" tests="1" failures="0" timestamp="06 九月 2019 06:32:44 GMT" time="1.311" errors="0">
  <testcase name="findById" time="1.311" classname="com.apis.find.FindUserById"/>
</testsuite> <!-- com.apis.find.FindUserById -->
